[0.010s] Invoking command in '/home/koushik/ROS_programs/Emergency-Exploration-Robot-E-Bot/Ros Code/build/odometry': CMAKE_PREFIX_PATH=${CMAKE_PREFIX_PATH}:/opt/ros/humble /usr/bin/cmake /home/koushik/ROS_programs/Emergency-Exploration-Robot-E-Bot/Ros Code/src/odometry -DCMAKE_INSTALL_PREFIX=/home/koushik/ROS_programs/Emergency-Exploration-Robot-E-Bot/Ros Code/install/odometry
[0.056s] -- The C compiler identification is GNU 11.4.0
[0.104s] -- The CXX compiler identification is GNU 11.4.0
[0.110s] -- Detecting C compiler ABI info
[0.165s] -- Detecting C compiler ABI info - done
[0.170s] -- Check for working C compiler: /usr/bin/cc - skipped
[0.171s] -- Detecting C compile features
[0.171s] -- Detecting C compile features - done
[0.173s] -- Detecting CXX compiler ABI info
[0.242s] -- Detecting CXX compiler ABI info - done
[0.247s] -- Check for working CXX compiler: /usr/bin/c++ - skipped
[0.247s] -- Detecting CXX compile features
[0.248s] -- Detecting CXX compile features - done
[0.250s] -- Found ament_cmake: 1.3.11 (/opt/ros/humble/share/ament_cmake/cmake)
[0.533s] -- Found Python3: /usr/bin/python3 (found version "3.10.12") found components: Interpreter 
[0.605s] -- Found tf2: 0.25.11 (/opt/ros/humble/share/tf2/cmake)
[0.638s] -- Found rosidl_generator_c: 3.1.6 (/opt/ros/humble/share/rosidl_generator_c/cmake)
[0.642s] -- Found rosidl_adapter: 3.1.6 (/opt/ros/humble/share/rosidl_adapter/cmake)
[0.648s] -- Found rosidl_generator_cpp: 3.1.6 (/opt/ros/humble/share/rosidl_generator_cpp/cmake)
[0.656s] -- Using all available rosidl_typesupport_c: rosidl_typesupport_fastrtps_c;rosidl_typesupport_introspection_c
[0.668s] -- Using all available rosidl_typesupport_cpp: rosidl_typesupport_fastrtps_cpp;rosidl_typesupport_introspection_cpp
[0.701s] -- Found tf2_ros: 0.25.11 (/opt/ros/humble/share/tf2_ros/cmake)
[0.750s] -- Found rmw_implementation_cmake: 6.1.2 (/opt/ros/humble/share/rmw_implementation_cmake/cmake)
[0.752s] -- Found rmw_fastrtps_cpp: 6.2.7 (/opt/ros/humble/share/rmw_fastrtps_cpp/cmake)
[0.841s] -- Found OpenSSL: /usr/lib/x86_64-linux-gnu/libcrypto.so (found version "3.0.2")  
[0.865s] -- Found FastRTPS: /opt/ros/humble/include  
[0.897s] -- Using RMW implementation 'rmw_fastrtps_cpp' as default
[0.904s] -- Looking for pthread.h
[0.966s] -- Looking for pthread.h - found
[0.966s] -- Performing Test CMAKE_HAVE_LIBC_PTHREAD
[1.032s] -- Performing Test CMAKE_HAVE_LIBC_PTHREAD - Success
[1.033s] -- Found Threads: TRUE  
[1.112s] [33mCMake Warning (dev) at /usr/share/cmake-3.22/Modules/FindPackageHandleStandardArgs.cmake:438 (message):
[1.112s]   The package name passed to `find_package_handle_standard_args` (PkgConfig)
[1.112s]   does not match the name of the calling package (gazebo).  This can lead to
[1.112s]   problems in calling code that expects `find_package` result variables
[1.112s]   (e.g., `_FOUND`) to follow a certain pattern.
[1.112s] Call Stack (most recent call first):
[1.112s]   /usr/share/cmake-3.22/Modules/FindPkgConfig.cmake:99 (find_package_handle_standard_args)
[1.112s]   /usr/lib/x86_64-linux-gnu/cmake/gazebo/gazebo-config.cmake:72 (include)
[1.112s]   CMakeLists.txt:12 (find_package)
[1.112s] This warning is for project developers.  Use -Wno-dev to suppress it.
[1.112s] [0m
[1.112s] -- Found PkgConfig: /usr/bin/pkg-config (found version "0.29.2") 
[1.113s] -- Checking for module 'bullet>=2.82'
[1.126s] --   Found bullet, version 3.05
[1.221s] -- Found fcl: /usr/include (found suitable version "0.7.0", minimum required is "0.5.0") 
[1.265s] -- Found assimp: /usr/include (found version "5.2.0") 
[1.278s] -- Found DART: /usr/include (Required is at least version "6.6") found components: dart 
[1.299s] -- Found Boost: /usr/lib/x86_64-linux-gnu/cmake/Boost-1.74.0/BoostConfig.cmake (found suitable version "1.74.0", minimum required is "1.40.0") found components: thread system filesystem program_options regex iostreams date_time 
[1.309s] -- Found Protobuf: /usr/lib/x86_64-linux-gnu/libprotobuf.so (found version "3.12.4") 
[1.312s] -- Looking for ignition-math6 -- found version 6.15.1
[1.316s] -- Searching for dependencies of ignition-math6
[1.317s] -- Looking for OGRE...
[1.318s] -- OGRE_PREFIX_WATCH changed.
[1.321s] -- Checking for module 'OGRE'
[1.332s] --   Found OGRE, version 1.9.0
[1.382s] -- Found Ogre Ghadamon (1.9.0)
[1.392s] -- Found OGRE: optimized;/usr/lib/x86_64-linux-gnu/libOgreMain.so;debug;/usr/lib/x86_64-linux-gnu/libOgreMain.so
[1.401s] -- Looking for OGRE_Paging...
[1.405s] -- Found OGRE_Paging: optimized;/usr/lib/x86_64-linux-gnu/libOgrePaging.so;debug;/usr/lib/x86_64-linux-gnu/libOgrePaging.so
[1.405s] -- Looking for OGRE_Terrain...
[1.410s] -- Found OGRE_Terrain: optimized;/usr/lib/x86_64-linux-gnu/libOgreTerrain.so;debug;/usr/lib/x86_64-linux-gnu/libOgreTerrain.so
[1.410s] -- Looking for OGRE_Property...
[1.413s] -- Found OGRE_Property: optimized;/usr/lib/x86_64-linux-gnu/libOgreProperty.so;debug;/usr/lib/x86_64-linux-gnu/libOgreProperty.so
[1.413s] -- Looking for OGRE_RTShaderSystem...
[1.417s] -- Found OGRE_RTShaderSystem: optimized;/usr/lib/x86_64-linux-gnu/libOgreRTShaderSystem.so;debug;/usr/lib/x86_64-linux-gnu/libOgreRTShaderSystem.so
[1.417s] -- Looking for OGRE_Volume...
[1.420s] -- Found OGRE_Volume: optimized;/usr/lib/x86_64-linux-gnu/libOgreVolume.so;debug;/usr/lib/x86_64-linux-gnu/libOgreVolume.so
[1.420s] -- Looking for OGRE_Overlay...
[1.424s] -- Found OGRE_Overlay: optimized;/usr/lib/x86_64-linux-gnu/libOgreOverlay.so;debug;/usr/lib/x86_64-linux-gnu/libOgreOverlay.so
[1.496s] -- Looking for ignition-math6 -- found version 6.15.1
[1.497s] -- Looking for ignition-transport8 -- found version 8.2.1
[1.497s] -- Searching for dependencies of ignition-transport8
[1.510s] -- Found Protobuf: /usr/lib/x86_64-linux-gnu/libprotobuf.so (found suitable version "3.12.4", minimum required is "3") 
[1.518s] -- Config-file not installed for ZeroMQ -- checking for pkg-config
[1.523s] -- Checking for module 'libzmq >= 4'
[1.541s] --   Found libzmq , version 4.3.4
[1.599s] -- Found ZeroMQ: TRUE (Required is at least version "4") 
[1.608s] -- Checking for module 'uuid'
[1.628s] --   Found uuid, version 2.37.2
[1.677s] -- Found UUID: TRUE  
[1.680s] -- Looking for ignition-msgs5 -- found version 5.8.1
[1.680s] -- Searching for dependencies of ignition-msgs5
[1.696s] -- Looking for ignition-math6 -- found version 6.15.1
[1.700s] -- Checking for module 'tinyxml2'
[1.720s] --   Found tinyxml2, version 9.0.0
[1.775s] -- Looking for ignition-msgs5 -- found version 5.8.1
[1.779s] -- Looking for ignition-common3 -- found version 3.14.0
[1.779s] -- Searching for dependencies of ignition-common3
[1.780s] -- Looking for dlfcn.h - found
[1.781s] -- Looking for libdl - found
[1.783s] -- Found DL: TRUE  
[1.799s] -- Found tinyobjloader: /usr/lib/x86_64-linux-gnu/cmake/tinyobjloader/tinyobjloader-config.cmake (found version "2.0.0") 
[1.800s] -- Searching for <ignition-common3> component [graphics]
[1.802s] -- Looking for ignition-common3-graphics -- found version 3.14.0
[1.802s] -- Searching for dependencies of ignition-common3-graphics
[1.803s] -- Looking for ignition-math6 -- found version 6.15.1
[1.805s] -- Looking for ignition-fuel_tools4 -- found version 4.4.0
[1.805s] -- Searching for dependencies of ignition-fuel_tools4
[1.909s] -- Found CURL: /usr/lib/x86_64-linux-gnu/libcurl.so (found version "7.81.0")  
[1.921s] -- Checking for module 'jsoncpp'
[1.944s] --   Found jsoncpp, version 1.9.5
[2.002s] -- Found JSONCPP: TRUE  
[2.011s] -- Checking for module 'libzip'
[2.032s] --   Found libzip, version 1.7.3
[2.086s] -- Found ZIP: TRUE  
[2.086s] -- Looking for ignition-common3 -- found version 3.14.0
[2.086s] -- Looking for ignition-math6 -- found version 6.15.1
[2.087s] -- Looking for ignition-msgs5 -- found version 5.8.1
[2.091s] -- Found gazebo_ros: 3.7.0 (/opt/ros/humble/share/gazebo_ros/cmake)
[2.094s] -- Gazebo version: 11.10
[2.094s] -- Checking for module 'tbb'
[2.106s] --   Found tbb, version 2021.5.0
[2.147s] -- Found nav_msgs: 4.2.4 (/opt/ros/humble/share/nav_msgs/cmake)
[2.171s] -- Found ament_lint_auto: 0.12.11 (/opt/ros/humble/share/ament_lint_auto/cmake)
[2.232s] -- Added test 'copyright' to check source files copyright and LICENSE
[2.233s] -- Added test 'cppcheck' to perform static code analysis on C / C++ code
[2.233s] -- Configured cppcheck include dirs: /home/koushik/ROS_programs/Emergency-Exploration-Robot-E-Bot/Ros Code/src/odometry/include
[2.233s] -- Configured cppcheck exclude dirs and/or files: 
[2.233s] -- Added test 'cpplint' to check C / C++ code against the Google style
[2.233s] -- Configured cpplint exclude dirs and/or files: 
[2.234s] -- Added test 'lint_cmake' to check CMake code style
[2.234s] -- Added test 'uncrustify' to check C / C++ code style
[2.234s] -- Configured uncrustify additional arguments: 
[2.234s] -- Added test 'xmllint' to check XML markup files
[2.235s] -- Configuring done
[2.250s] -- Generating done
[2.254s] -- Build files have been written to: /home/koushik/ROS_programs/Emergency-Exploration-Robot-E-Bot/Ros Code/build/odometry
