[0.018s] Invoking command in '/home/koushik/ROS_programs/Emergency-Exploration-Robot-E-Bot/Ros Code/build/ebot_control': CMAKE_PREFIX_PATH=${CMAKE_PREFIX_PATH}:/opt/ros/humble /usr/bin/cmake /home/koushik/ROS_programs/Emergency-Exploration-Robot-E-Bot/Ros Code/src/ebot_control -DCMAKE_INSTALL_PREFIX=/home/koushik/ROS_programs/Emergency-Exploration-Robot-E-Bot/Ros Code/install/ebot_control
[0.061s] -- The C compiler identification is GNU 11.4.0
[0.104s] -- The CXX compiler identification is GNU 11.4.0
[0.110s] -- Detecting C compiler ABI info
[0.166s] -- Detecting C compiler ABI info - done
[0.172s] -- Check for working C compiler: /usr/bin/cc - skipped
[0.172s] -- Detecting C compile features
[0.172s] -- Detecting C compile features - done
[0.175s] -- Detecting CXX compiler ABI info
[0.257s] -- Detecting CXX compiler ABI info - done
[0.265s] -- Check for working CXX compiler: /usr/bin/c++ - skipped
[0.265s] -- Detecting CXX compile features
[0.265s] -- Detecting CXX compile features - done
[0.267s] -- Found ament_cmake: 1.3.11 (/opt/ros/humble/share/ament_cmake/cmake)
[0.546s] -- Found Python3: /usr/bin/python3 (found version "3.10.12") found components: Interpreter 
[0.615s] -- Found tf2: 0.25.11 (/opt/ros/humble/share/tf2/cmake)
[0.649s] -- Found rosidl_generator_c: 3.1.6 (/opt/ros/humble/share/rosidl_generator_c/cmake)
[0.653s] -- Found rosidl_adapter: 3.1.6 (/opt/ros/humble/share/rosidl_adapter/cmake)
[0.659s] -- Found rosidl_generator_cpp: 3.1.6 (/opt/ros/humble/share/rosidl_generator_cpp/cmake)
[0.667s] -- Using all available rosidl_typesupport_c: rosidl_typesupport_fastrtps_c;rosidl_typesupport_introspection_c
[0.678s] -- Using all available rosidl_typesupport_cpp: rosidl_typesupport_fastrtps_cpp;rosidl_typesupport_introspection_cpp
[0.711s] -- Found tf2_ros: 0.25.11 (/opt/ros/humble/share/tf2_ros/cmake)
[0.761s] -- Found rmw_implementation_cmake: 6.1.2 (/opt/ros/humble/share/rmw_implementation_cmake/cmake)
[0.763s] -- Found rmw_fastrtps_cpp: 6.2.7 (/opt/ros/humble/share/rmw_fastrtps_cpp/cmake)
[0.852s] -- Found OpenSSL: /usr/lib/x86_64-linux-gnu/libcrypto.so (found version "3.0.2")  
[0.877s] -- Found FastRTPS: /opt/ros/humble/include  
[0.909s] -- Using RMW implementation 'rmw_fastrtps_cpp' as default
[0.915s] -- Looking for pthread.h
[0.977s] -- Looking for pthread.h - found
[0.977s] -- Performing Test CMAKE_HAVE_LIBC_PTHREAD
[1.044s] -- Performing Test CMAKE_HAVE_LIBC_PTHREAD - Success
[1.045s] -- Found Threads: TRUE  
[1.120s] -- Found ros2_control: 2.47.0 (/opt/ros/humble/share/ros2_control/cmake)
[1.122s] -- Found sensor_msgs: 4.2.4 (/opt/ros/humble/share/sensor_msgs/cmake)
[1.136s] -- Found ament_lint_auto: 0.12.11 (/opt/ros/humble/share/ament_lint_auto/cmake)
[1.201s] -- Added test 'copyright' to check source files copyright and LICENSE
[1.201s] -- Added test 'cppcheck' to perform static code analysis on C / C++ code
[1.202s] -- Configured cppcheck include dirs: 
[1.202s] -- Configured cppcheck exclude dirs and/or files: 
[1.202s] -- Added test 'cpplint' to check C / C++ code against the Google style
[1.202s] -- Configured cpplint exclude dirs and/or files: 
[1.202s] -- Added test 'flake8' to check Python code syntax and style conventions
[1.203s] -- Added test 'lint_cmake' to check CMake code style
[1.203s] -- Added test 'pep257' to check Python code against some of the docstring style conventions in PEP 257
[1.203s] -- Added test 'uncrustify' to check C / C++ code style
[1.203s] -- Configured uncrustify additional arguments: 
[1.203s] -- Added test 'xmllint' to check XML markup files
[1.204s] -- Configuring done
[1.207s] -- Generating done
[1.209s] -- Build files have been written to: /home/koushik/ROS_programs/Emergency-Exploration-Robot-E-Bot/Ros Code/build/ebot_control
[1.217s] Invoked command in '/home/koushik/ROS_programs/Emergency-Exploration-Robot-E-Bot/Ros Code/build/ebot_control' returned '0': CMAKE_PREFIX_PATH=${CMAKE_PREFIX_PATH}:/opt/ros/humble /usr/bin/cmake /home/koushik/ROS_programs/Emergency-Exploration-Robot-E-Bot/Ros Code/src/ebot_control -DCMAKE_INSTALL_PREFIX=/home/koushik/ROS_programs/Emergency-Exploration-Robot-E-Bot/Ros Code/install/ebot_control
[1.218s] Invoking command in '/home/koushik/ROS_programs/Emergency-Exploration-Robot-E-Bot/Ros Code/build/ebot_control': CMAKE_PREFIX_PATH=${CMAKE_PREFIX_PATH}:/opt/ros/humble /usr/bin/cmake --build /home/koushik/ROS_programs/Emergency-Exploration-Robot-E-Bot/Ros Code/build/ebot_control -- -j24 -l24
[1.252s] Invoked command in '/home/koushik/ROS_programs/Emergency-Exploration-Robot-E-Bot/Ros Code/build/ebot_control' returned '0': CMAKE_PREFIX_PATH=${CMAKE_PREFIX_PATH}:/opt/ros/humble /usr/bin/cmake --build /home/koushik/ROS_programs/Emergency-Exploration-Robot-E-Bot/Ros Code/build/ebot_control -- -j24 -l24
[1.261s] Invoking command in '/home/koushik/ROS_programs/Emergency-Exploration-Robot-E-Bot/Ros Code/build/ebot_control': CMAKE_PREFIX_PATH=${CMAKE_PREFIX_PATH}:/opt/ros/humble /usr/bin/cmake --install /home/koushik/ROS_programs/Emergency-Exploration-Robot-E-Bot/Ros Code/build/ebot_control
[1.266s] [31mCMake Error at cmake_install.cmake:46 (file):
[1.266s]   file INSTALL cannot find
[1.266s]   "/home/koushik/ROS_programs/Emergency-Exploration-Robot-E-Bot/Ros
[1.266s]   Code/src/ebot_control/launch": No such file or directory.
[1.266s] 
[1.266s] [0m
[1.266s] -- Install configuration: ""
[1.267s] Invoked command in '/home/koushik/ROS_programs/Emergency-Exploration-Robot-E-Bot/Ros Code/build/ebot_control' returned '1': CMAKE_PREFIX_PATH=${CMAKE_PREFIX_PATH}:/opt/ros/humble /usr/bin/cmake --install /home/koushik/ROS_programs/Emergency-Exploration-Robot-E-Bot/Ros Code/build/ebot_control
